{"name": "test_download_and_signing_up", "status": "broken", "statusDetails": {"message": "selenium.common.exceptions.TimeoutException: Message: Can't find element by locator ('css selector', '#overlay .modal input[type=\"email\"]')", "trace": "chrome_driver = <selenium.webdriver.chrome.webdriver.WebDriver (session=\"38cc8174ba2b7e93bde68695e4ae1364\")>\n\n    def test_download_and_signing_up(chrome_driver):\n        main_page = SearchHelper(chrome_driver)\n        main_page.click_on_menu_button()\n        main_page.menu_click_on_CleanMyMac_X()\n        print(\"ok\")\n        main_page.cleanmymac_x_click_dawnload()\n    \n        x = get_email()\n>       main_page.cleanmymac_x_pop_up_enter_mail(x)\n\nTests.py:47: \n_ _ _ _ _ _ _ _ _ _ _ _ _ _ _ _ _ _ _ _ _ _ _ _ _ _ _ _ _ _ _ _ _ _ _ _ _ _ _ _ \nPages.py:29: in cleanmymac_x_pop_up_enter_mail\n    search_field = self.find_element(SearchLocators.LOCATOR_CLEANMYMAC_X_POP_UP_ENTER_MAIL)\nBaseApp.py:14: in find_element\n    return WebDriverWait(self.driver, time).until(EC.presence_of_element_located(locator),\n_ _ _ _ _ _ _ _ _ _ _ _ _ _ _ _ _ _ _ _ _ _ _ _ _ _ _ _ _ _ _ _ _ _ _ _ _ _ _ _ \n\nself = <selenium.webdriver.support.wait.WebDriverWait (session=\"38cc8174ba2b7e93bde68695e4ae1364\")>\nmethod = <selenium.webdriver.support.expected_conditions.presence_of_element_located object at 0x10ad4ea90>\nmessage = 'Can\\'t find element by locator (\\'css selector\\', \\'#overlay .modal input[type=\"email\"]\\')'\n\n    def until(self, method, message=''):\n        \"\"\"Calls the method provided with the driver as an argument until the \\\n        return value is not False.\"\"\"\n        screen = None\n        stacktrace = None\n    \n        end_time = time.time() + self._timeout\n        while True:\n            try:\n                value = method(self._driver)\n                if value:\n                    return value\n            except self._ignored_exceptions as exc:\n                screen = getattr(exc, 'screen', None)\n                stacktrace = getattr(exc, 'stacktrace', None)\n            time.sleep(self._poll)\n            if time.time() > end_time:\n                break\n>       raise TimeoutException(message, screen, stacktrace)\nE       selenium.common.exceptions.TimeoutException: Message: Can't find element by locator ('css selector', '#overlay .modal input[type=\"email\"]')\n\n../../../venv/lib/python3.8/site-packages/selenium/webdriver/support/wait.py:80: TimeoutException"}, "attachments": [{"name": "stdout", "source": "35c64965-3e70-4655-9d0d-24992c1cc72c-attachment.txt", "type": "text/plain"}], "start": 1576257295527, "stop": 1576257325377, "uuid": "0a018eb9-60cc-4162-befd-9a3fbcddbc78", "historyId": "8542eb879f7f66e1c2deee15f2de89b4", "testCaseId": "49bc317f4d7b35cf1293de84c2147443", "fullName": "Tests#test_download_and_signing_up", "labels": [{"name": "suite", "value": "Tests"}, {"name": "host", "value": "MacBook-Air-Gevorg.local"}, {"name": "thread", "value": "7776-MainThread"}, {"name": "framework", "value": "pytest"}, {"name": "language", "value": "cpython3"}, {"name": "package", "value": "Tests"}]}