{"name": "test_download_and_signing_up", "status": "broken", "statusDetails": {"message": "selenium.common.exceptions.TimeoutException: Message: Can't find element by locator ('class name', 'nav.nav button.humb')", "trace": "chrome_driver = <selenium.webdriver.chrome.webdriver.WebDriver (session=\"a2cddf59c09c27d16058b61bcf1d20ef\")>\n\n    def test_download_and_signing_up(chrome_driver):\n        main_page = SearchHelper(chrome_driver)\n>       main_page.click_on_menu_button()\n\nTests.py:42: \n_ _ _ _ _ _ _ _ _ _ _ _ _ _ _ _ _ _ _ _ _ _ _ _ _ _ _ _ _ _ _ _ _ _ _ _ _ _ _ _ \nPages.py:23: in click_on_menu_button\n    return self.find_element(SearchLocators.LOCATOR_MENU_BUTTON).click()\nBaseApp.py:14: in find_element\n    return WebDriverWait(self.driver, time).until(EC.presence_of_element_located(locator),\n_ _ _ _ _ _ _ _ _ _ _ _ _ _ _ _ _ _ _ _ _ _ _ _ _ _ _ _ _ _ _ _ _ _ _ _ _ _ _ _ \n\nself = <selenium.webdriver.support.wait.WebDriverWait (session=\"a2cddf59c09c27d16058b61bcf1d20ef\")>\nmethod = <selenium.webdriver.support.expected_conditions.presence_of_element_located object at 0x10b2fe820>\nmessage = \"Can't find element by locator ('class name', 'nav.nav button.humb')\"\n\n    def until(self, method, message=''):\n        \"\"\"Calls the method provided with the driver as an argument until the \\\n        return value is not False.\"\"\"\n        screen = None\n        stacktrace = None\n    \n        end_time = time.time() + self._timeout\n        while True:\n            try:\n                value = method(self._driver)\n                if value:\n                    return value\n            except self._ignored_exceptions as exc:\n                screen = getattr(exc, 'screen', None)\n                stacktrace = getattr(exc, 'stacktrace', None)\n            time.sleep(self._poll)\n            if time.time() > end_time:\n                break\n>       raise TimeoutException(message, screen, stacktrace)\nE       selenium.common.exceptions.TimeoutException: Message: Can't find element by locator ('class name', 'nav.nav button.humb')\n\n../../../venv/lib/python3.8/site-packages/selenium/webdriver/support/wait.py:80: TimeoutException"}, "start": 1576316134723, "stop": 1576316139440, "uuid": "e6a6f100-3d94-46c4-ba2c-8222b5de60ef", "historyId": "8542eb879f7f66e1c2deee15f2de89b4", "testCaseId": "49bc317f4d7b35cf1293de84c2147443", "fullName": "Tests#test_download_and_signing_up", "labels": [{"name": "suite", "value": "Tests"}, {"name": "host", "value": "MacBook-Air-Gevorg.local"}, {"name": "thread", "value": "11010-MainThread"}, {"name": "framework", "value": "pytest"}, {"name": "language", "value": "cpython3"}, {"name": "package", "value": "Tests"}]}