{"name": "test_download_and_signing_up", "status": "broken", "statusDetails": {"message": "selenium.common.exceptions.TimeoutException: Message: Can't find element by locator ('css selector', '#overlay .modal input[type=\"email\"]')", "trace": "chrome_driver = <selenium.webdriver.chrome.webdriver.WebDriver (session=\"725feb592b61f717eef7fd14465bd141\")>\n\n    def test_download_and_signing_up(chrome_driver):\n        main_page = SearchHelper(chrome_driver)\n        main_page.click_on_menu_button()\n        main_page.menu_click_on_CleanMyMac_X()\n        main_page.cleanmymac_x_click_dawnload()\n        x = get_email_address()\n>       main_page.cleanmymac_x_pop_up_enter_mail(x)\n\nTests.py:46: \n_ _ _ _ _ _ _ _ _ _ _ _ _ _ _ _ _ _ _ _ _ _ _ _ _ _ _ _ _ _ _ _ _ _ _ _ _ _ _ _ \nPages.py:25: in cleanmymac_x_pop_up_enter_mail\n    search_field = self.find_element(SearchLocators.LOCATOR_CLEANMYMAC_X_POP_UP_ENTER_MAIL)\nBaseApp.py:13: in find_element\n    return WebDriverWait(self.driver, time).until(EC.presence_of_element_located(locator),\n_ _ _ _ _ _ _ _ _ _ _ _ _ _ _ _ _ _ _ _ _ _ _ _ _ _ _ _ _ _ _ _ _ _ _ _ _ _ _ _ \n\nself = <selenium.webdriver.support.wait.WebDriverWait (session=\"725feb592b61f717eef7fd14465bd141\")>\nmethod = <selenium.webdriver.support.expected_conditions.presence_of_element_located object at 0x110bb9e20>\nmessage = 'Can\\'t find element by locator (\\'css selector\\', \\'#overlay .modal input[type=\"email\"]\\')'\n\n    def until(self, method, message=''):\n        \"\"\"Calls the method provided with the driver as an argument until the \\\n        return value is not False.\"\"\"\n        screen = None\n        stacktrace = None\n    \n        end_time = time.time() + self._timeout\n        while True:\n            try:\n                value = method(self._driver)\n                if value:\n                    return value\n            except self._ignored_exceptions as exc:\n                screen = getattr(exc, 'screen', None)\n                stacktrace = getattr(exc, 'stacktrace', None)\n            time.sleep(self._poll)\n            if time.time() > end_time:\n                break\n>       raise TimeoutException(message, screen, stacktrace)\nE       selenium.common.exceptions.TimeoutException: Message: Can't find element by locator ('css selector', '#overlay .modal input[type=\"email\"]')\n\n../../../venv/lib/python3.8/site-packages/selenium/webdriver/support/wait.py:80: TimeoutException"}, "start": 1576413851559, "stop": 1576413873746, "uuid": "931e0178-50a8-4c27-befb-9b2fec317baa", "historyId": "8542eb879f7f66e1c2deee15f2de89b4", "testCaseId": "49bc317f4d7b35cf1293de84c2147443", "fullName": "Tests#test_download_and_signing_up", "labels": [{"name": "suite", "value": "Tests"}, {"name": "host", "value": "MacBook-Air-Gevorg.local"}, {"name": "thread", "value": "13192-MainThread"}, {"name": "framework", "value": "pytest"}, {"name": "language", "value": "cpython3"}, {"name": "package", "value": "Tests"}]}